<?xml version="1.0" encoding="UTF-8"?>
<testng-results ignored="0" total="7" passed="7" failed="0" skipped="0">
  <reporter-output>
  </reporter-output>
  <suite started-at="2025-04-07T22:27:47 IST" name="Suite" finished-at="2025-04-07T22:29:55 IST" duration-ms="127823">
    <groups>
      <group name="cucumber">
        <method signature="AbstractTestNGCucumberTests.runScenario(io.cucumber.testng.PickleWrapper,io.cucumber.testng.FeatureWrapper)[pri:0, instance:com.runner.runclass@57250572]" name="runScenario" class="io.cucumber.testng.AbstractTestNGCucumberTests"/>
      </group> <!-- cucumber -->
    </groups>
    <test started-at="2025-04-07T22:27:47 IST" name="Test" finished-at="2025-04-07T22:29:55 IST" duration-ms="127823">
      <class name="com.runner.runclass">
        <test-method is-config="true" signature="setUpClass(org.testng.ITestContext)[pri:0, instance:com.runner.runclass@57250572]" started-at="2025-04-07T22:27:47 IST" name="setUpClass" finished-at="2025-04-07T22:27:50 IST" duration-ms="2999" status="PASS">
          <params>
            <param index="0">
              <value>
                <![CDATA[org.testng.TestRunner@2eda4eeb]]>
              </value>
            </param>
          </params>
          <reporter-output>
          </reporter-output>
        </test-method> <!-- setUpClass -->
        <test-method signature="f()[pri:0, instance:com.runner.runclass@57250572]" started-at="2025-04-07T22:27:50 IST" name="f" finished-at="2025-04-07T22:27:50 IST" duration-ms="27" status="PASS">
          <reporter-output>
          </reporter-output>
        </test-method> <!-- f -->
        <test-method signature="runScenario(io.cucumber.testng.PickleWrapper,io.cucumber.testng.FeatureWrapper)[pri:0, instance:com.runner.runclass@57250572]" started-at="2025-04-07T22:27:50 IST" name="runScenario" description="Runs Cucumber Scenarios" data-provider="scenarios" finished-at="2025-04-07T22:28:15 IST" duration-ms="24194" status="PASS">
          <params>
            <param index="0">
              <value>
                <![CDATA["Login and navigate to Gift Cards page"]]>
              </value>
            </param>
            <param index="1">
              <value>
                <![CDATA["Product Sorting and View Options"]]>
              </value>
            </param>
          </params>
          <reporter-output>
          </reporter-output>
        </test-method> <!-- runScenario -->
        <test-method signature="runScenario(io.cucumber.testng.PickleWrapper,io.cucumber.testng.FeatureWrapper)[pri:0, instance:com.runner.runclass@57250572]" started-at="2025-04-07T22:28:15 IST" name="runScenario" description="Runs Cucumber Scenarios" data-provider="scenarios" finished-at="2025-04-07T22:28:42 IST" duration-ms="27053" status="PASS">
          <params>
            <param index="0">
              <value>
                <![CDATA["Sort products and change display options"]]>
              </value>
            </param>
            <param index="1">
              <value>
                <![CDATA["Product Sorting and View Options"]]>
              </value>
            </param>
          </params>
          <reporter-output>
          </reporter-output>
        </test-method> <!-- runScenario -->
        <test-method signature="runScenario(io.cucumber.testng.PickleWrapper,io.cucumber.testng.FeatureWrapper)[pri:0, instance:com.runner.runclass@57250572]" started-at="2025-04-07T22:28:42 IST" name="runScenario" description="Runs Cucumber Scenarios" data-provider="scenarios" finished-at="2025-04-07T22:29:09 IST" duration-ms="27241" status="PASS">
          <params>
            <param index="0">
              <value>
                <![CDATA["Checkout the product in demowebshop application"]]>
              </value>
            </param>
            <param index="1">
              <value>
                <![CDATA["Checkout the product"]]>
              </value>
            </param>
          </params>
          <reporter-output>
          </reporter-output>
        </test-method> <!-- runScenario -->
        <test-method signature="runScenario(io.cucumber.testng.PickleWrapper,io.cucumber.testng.FeatureWrapper)[pri:0, instance:com.runner.runclass@57250572]" started-at="2025-04-07T22:29:09 IST" name="runScenario" description="Runs Cucumber Scenarios" data-provider="scenarios" finished-at="2025-04-07T22:29:24 IST" duration-ms="15129" status="PASS">
          <params>
            <param index="0">
              <value>
                <![CDATA["Login with valid credentials"]]>
              </value>
            </param>
            <param index="1">
              <value>
                <![CDATA["Login the Demowebshop website"]]>
              </value>
            </param>
          </params>
          <reporter-output>
          </reporter-output>
        </test-method> <!-- runScenario -->
        <test-method signature="runScenario(io.cucumber.testng.PickleWrapper,io.cucumber.testng.FeatureWrapper)[pri:0, instance:com.runner.runclass@57250572]" started-at="2025-04-07T22:29:24 IST" name="runScenario" description="Runs Cucumber Scenarios" data-provider="scenarios" finished-at="2025-04-07T22:29:42 IST" duration-ms="17506" status="PASS">
          <params>
            <param index="0">
              <value>
                <![CDATA["Navigate to Gift Cards page"]]>
              </value>
            </param>
            <param index="1">
              <value>
                <![CDATA["Login the Demowebshop website"]]>
              </value>
            </param>
          </params>
          <reporter-output>
          </reporter-output>
        </test-method> <!-- runScenario -->
        <test-method signature="runScenario(io.cucumber.testng.PickleWrapper,io.cucumber.testng.FeatureWrapper)[pri:0, instance:com.runner.runclass@57250572]" started-at="2025-04-07T22:29:42 IST" name="runScenario" description="Runs Cucumber Scenarios" data-provider="scenarios" finished-at="2025-04-07T22:29:55 IST" duration-ms="13129" status="PASS">
          <params>
            <param index="0">
              <value>
                <![CDATA["Navigate to Gift Cards page"]]>
              </value>
            </param>
            <param index="1">
              <value>
                <![CDATA["Login the Demowebshop website"]]>
              </value>
            </param>
          </params>
          <reporter-output>
          </reporter-output>
        </test-method> <!-- runScenario -->
        <test-method is-config="true" signature="tearDownClass()[pri:0, instance:com.runner.runclass@57250572]" started-at="2025-04-07T22:29:55 IST" name="tearDownClass" finished-at="2025-04-07T22:29:55 IST" duration-ms="221" status="PASS">
          <reporter-output>
          </reporter-output>
        </test-method> <!-- tearDownClass -->
      </class> <!-- com.runner.runclass -->
    </test> <!-- Test -->
  </suite> <!-- Suite -->
</testng-results>
