<?xml version="1.0" encoding="UTF-8"?>
<testng-results ignored="0" total="7" passed="7" failed="0" skipped="0">
  <reporter-output>
  </reporter-output>
  <suite started-at="2025-04-08T07:44:04 IST" name="Default suite" finished-at="2025-04-08T07:45:50 IST" duration-ms="105699">
    <groups>
      <group name="cucumber">
        <method signature="AbstractTestNGCucumberTests.runScenario(io.cucumber.testng.PickleWrapper,io.cucumber.testng.FeatureWrapper)[pri:0, instance:com.runner.runclass@32910148]" name="runScenario" class="io.cucumber.testng.AbstractTestNGCucumberTests"/>
      </group> <!-- cucumber -->
    </groups>
    <test started-at="2025-04-08T07:44:04 IST" name="Default test" finished-at="2025-04-08T07:45:50 IST" duration-ms="105699">
      <class name="com.runner.runclass">
        <test-method is-config="true" signature="setUpClass(org.testng.ITestContext)[pri:0, instance:com.runner.runclass@32910148]" started-at="2025-04-08T07:44:04 IST" name="setUpClass" finished-at="2025-04-08T07:44:08 IST" duration-ms="3294" status="PASS">
          <params>
            <param index="0">
              <value>
                <![CDATA[org.testng.TestRunner@4f82248f]]>
              </value>
            </param>
          </params>
          <reporter-output>
          </reporter-output>
        </test-method> <!-- setUpClass -->
        <test-method signature="f()[pri:0, instance:com.runner.runclass@32910148]" started-at="2025-04-08T07:44:08 IST" name="f" finished-at="2025-04-08T07:44:08 IST" duration-ms="20" status="PASS">
          <reporter-output>
          </reporter-output>
        </test-method> <!-- f -->
        <test-method signature="runScenario(io.cucumber.testng.PickleWrapper,io.cucumber.testng.FeatureWrapper)[pri:0, instance:com.runner.runclass@32910148]" started-at="2025-04-08T07:44:08 IST" name="runScenario" description="Runs Cucumber Scenarios" data-provider="scenarios" finished-at="2025-04-08T07:44:28 IST" duration-ms="20387" status="PASS">
          <params>
            <param index="0">
              <value>
                <![CDATA["Login and navigate to Gift Cards page"]]>
              </value>
            </param>
            <param index="1">
              <value>
                <![CDATA["Product Sorting and View Options"]]>
              </value>
            </param>
          </params>
          <reporter-output>
          </reporter-output>
        </test-method> <!-- runScenario -->
        <test-method signature="runScenario(io.cucumber.testng.PickleWrapper,io.cucumber.testng.FeatureWrapper)[pri:0, instance:com.runner.runclass@32910148]" started-at="2025-04-08T07:44:28 IST" name="runScenario" description="Runs Cucumber Scenarios" data-provider="scenarios" finished-at="2025-04-08T07:44:44 IST" duration-ms="15966" status="PASS">
          <params>
            <param index="0">
              <value>
                <![CDATA["Sort products and change display options"]]>
              </value>
            </param>
            <param index="1">
              <value>
                <![CDATA["Product Sorting and View Options"]]>
              </value>
            </param>
          </params>
          <reporter-output>
          </reporter-output>
        </test-method> <!-- runScenario -->
        <test-method signature="runScenario(io.cucumber.testng.PickleWrapper,io.cucumber.testng.FeatureWrapper)[pri:0, instance:com.runner.runclass@32910148]" started-at="2025-04-08T07:44:44 IST" name="runScenario" description="Runs Cucumber Scenarios" data-provider="scenarios" finished-at="2025-04-08T07:45:06 IST" duration-ms="22112" status="PASS">
          <params>
            <param index="0">
              <value>
                <![CDATA["Checkout the product in demowebshop application"]]>
              </value>
            </param>
            <param index="1">
              <value>
                <![CDATA["Checkout the product"]]>
              </value>
            </param>
          </params>
          <reporter-output>
          </reporter-output>
        </test-method> <!-- runScenario -->
        <test-method signature="runScenario(io.cucumber.testng.PickleWrapper,io.cucumber.testng.FeatureWrapper)[pri:0, instance:com.runner.runclass@32910148]" started-at="2025-04-08T07:45:06 IST" name="runScenario" description="Runs Cucumber Scenarios" data-provider="scenarios" finished-at="2025-04-08T07:45:18 IST" duration-ms="12024" status="PASS">
          <params>
            <param index="0">
              <value>
                <![CDATA["Login with valid credentials"]]>
              </value>
            </param>
            <param index="1">
              <value>
                <![CDATA["Login the Demowebshop website"]]>
              </value>
            </param>
          </params>
          <reporter-output>
          </reporter-output>
        </test-method> <!-- runScenario -->
        <test-method signature="runScenario(io.cucumber.testng.PickleWrapper,io.cucumber.testng.FeatureWrapper)[pri:0, instance:com.runner.runclass@32910148]" started-at="2025-04-08T07:45:18 IST" name="runScenario" description="Runs Cucumber Scenarios" data-provider="scenarios" finished-at="2025-04-08T07:45:31 IST" duration-ms="13093" status="PASS">
          <params>
            <param index="0">
              <value>
                <![CDATA["Navigate to Gift Cards page"]]>
              </value>
            </param>
            <param index="1">
              <value>
                <![CDATA["Login the Demowebshop website"]]>
              </value>
            </param>
          </params>
          <reporter-output>
          </reporter-output>
        </test-method> <!-- runScenario -->
        <test-method signature="runScenario(io.cucumber.testng.PickleWrapper,io.cucumber.testng.FeatureWrapper)[pri:0, instance:com.runner.runclass@32910148]" started-at="2025-04-08T07:45:31 IST" name="runScenario" description="Runs Cucumber Scenarios" data-provider="scenarios" finished-at="2025-04-08T07:45:42 IST" duration-ms="11232" status="PASS">
          <params>
            <param index="0">
              <value>
                <![CDATA["Navigate to Gift Cards page"]]>
              </value>
            </param>
            <param index="1">
              <value>
                <![CDATA["Login the Demowebshop website"]]>
              </value>
            </param>
          </params>
          <reporter-output>
          </reporter-output>
        </test-method> <!-- runScenario -->
        <test-method is-config="true" signature="tearDownClass()[pri:0, instance:com.runner.runclass@32910148]" started-at="2025-04-08T07:45:42 IST" name="tearDownClass" finished-at="2025-04-08T07:45:50 IST" duration-ms="7338" status="PASS">
          <reporter-output>
          </reporter-output>
        </test-method> <!-- tearDownClass -->
      </class> <!-- com.runner.runclass -->
    </test> <!-- Default test -->
  </suite> <!-- Default suite -->
</testng-results>
